[0906/143534.205:ERROR:process_memory_win.cc(73)] ReadMemory at 0x261340acf30 of 72 bytes failed: Only part of a ReadProcessMemory or WriteProcessMemory request was completed. (0x12B)
[0906/143534.206:WARNING:pe_image_annotations_reader.cc(134)] could not read annotations list object in C:\Program Files (x86)\Google\Chrome\Application\84.0.4147.135\chrome_elf.dll
[0906/143534.206:ERROR:process_memory_win.cc(73)] ReadMemory at 0x261340e4110 of 72 bytes failed: Only part of a ReadProcessMemory or WriteProcessMemory request was completed. (0x12B)
[0906/143534.206:WARNING:pe_image_annotations_reader.cc(134)] could not read annotations list object in C:\Program Files (x86)\Google\Chrome\Application\84.0.4147.135\chrome.dll
[0906/143534.207:ERROR:process_memory_win.cc(73)] ReadMemory at 0x26134300000 of 64 bytes failed: Only part of a ReadProcessMemory or WriteProcessMemory request was completed. (0x12B)
[0906/143534.207:WARNING:pe_image_reader.cc(340)] could not read dos header from C:\Windows\System32\IMM32.DLL
[0906/143534.209:ERROR:process_memory_win.cc(73)] ReadMemory at 0x261340acf30 of 72 bytes failed: Only part of a ReadProcessMemory or WriteProcessMemory request was completed. (0x12B)
[0906/143534.209:WARNING:pe_image_annotations_reader.cc(134)] could not read annotations list object in C:\Program Files (x86)\Google\Chrome\Application\84.0.4147.135\chrome_elf.dll
[0906/143534.209:ERROR:process_memory_win.cc(73)] ReadMemory at 0x261340e4110 of 72 bytes failed: Only part of a ReadProcessMemory or WriteProcessMemory request was completed. (0x12B)
[0906/143534.209:WARNING:pe_image_annotations_reader.cc(134)] could not read annotations list object in C:\Program Files (x86)\Google\Chrome\Application\84.0.4147.135\chrome.dll
[0906/143534.210:ERROR:process_memory_win.cc(73)] ReadMemory at 0x26134300000 of 64 bytes failed: Only part of a ReadProcessMemory or WriteProcessMemory request was completed. (0x12B)
[0906/143534.210:WARNING:pe_image_reader.cc(340)] could not read dos header from C:\Windows\System32\IMM32.DLL
[0906/143534.210:ERROR:process_memory_win.cc(73)] ReadMemory at 0x261340acf30 of 72 bytes failed: Only part of a ReadProcessMemory or WriteProcessMemory request was completed. (0x12B)
[0906/143534.210:WARNING:pe_image_annotations_reader.cc(134)] could not read annotations list object in C:\Program Files (x86)\Google\Chrome\Application\84.0.4147.135\chrome_elf.dll
[0906/143534.211:ERROR:process_memory_win.cc(73)] ReadMemory at 0x261340e4110 of 72 bytes failed: Only part of a ReadProcessMemory or WriteProcessMemory request was completed. (0x12B)
[0906/143534.211:WARNING:pe_image_annotations_reader.cc(134)] could not read annotations list object in C:\Program Files (x86)\Google\Chrome\Application\84.0.4147.135\chrome.dll
[0906/143534.211:ERROR:process_memory_win.cc(73)] ReadMemory at 0x26134300000 of 64 bytes failed: Only part of a ReadProcessMemory or WriteProcessMemory request was completed. (0x12B)
[0906/143534.211:WARNING:pe_image_reader.cc(340)] could not read dos header from C:\Windows\System32\IMM32.DLL
[0906/143534.227:ERROR:process_memory_win.cc(73)] ReadMemory at 0xebc85e7000 of 102400 bytes failed: Only part of a ReadProcessMemory or WriteProcessMemory request was completed. (0x12B)
[0906/143534.228:ERROR:process_memory_win.cc(73)] ReadMemory at 0xebc8dfd000 of 12288 bytes failed: Only part of a ReadProcessMemory or WriteProcessMemory request was completed. (0x12B)
[0906/143534.228:ERROR:process_memory_win.cc(73)] ReadMemory at 0xebc9dfc000 of 16384 bytes failed: Only part of a ReadProcessMemory or WriteProcessMemory request was completed. (0x12B)
[0906/143534.228:ERROR:process_memory_win.cc(73)] ReadMemory at 0xebca5fc000 of 16384 bytes failed: Only part of a ReadProcessMemory or WriteProcessMemory request was completed. (0x12B)
[0906/143534.228:ERROR:process_memory_win.cc(73)] ReadMemory at 0xebcadff000 of 4096 bytes failed: Only part of a ReadProcessMemory or WriteProcessMemory request was completed. (0x12B)
[0906/143534.228:ERROR:process_memory_win.cc(73)] ReadMemory at 0xebcb5fd000 of 12288 bytes failed: Only part of a ReadProcessMemory or WriteProcessMemory request was completed. (0x12B)
[0906/143534.228:ERROR:process_memory_win.cc(73)] ReadMemory at 0xebcbdfb000 of 20480 bytes failed: Only part of a ReadProcessMemory or WriteProcessMemory request was completed. (0x12B)
[0906/143534.228:ERROR:process_memory_win.cc(73)] ReadMemory at 0xebccdfd000 of 12288 bytes failed: Only part of a ReadProcessMemory or WriteProcessMemory request was completed. (0x12B)
[0906/143534.228:ERROR:process_memory_win.cc(73)] ReadMemory at 0xebcd5f9000 of 28672 bytes failed: Only part of a ReadProcessMemory or WriteProcessMemory request was completed. (0x12B)
[0906/143534.228:ERROR:process_memory_win.cc(73)] ReadMemory at 0xebcddf6000 of 40960 bytes failed: Only part of a ReadProcessMemory or WriteProcessMemory request was completed. (0x12B)
[0906/143534.228:ERROR:process_memory_win.cc(73)] ReadMemory at 0xebce5f6000 of 40960 bytes failed: Only part of a ReadProcessMemory or WriteProcessMemory request was completed. (0x12B)
[0906/143534.229:ERROR:process_memory_win.cc(73)] ReadMemory at 0xebcedf7000 of 36864 bytes failed: Only part of a ReadProcessMemory or WriteProcessMemory request was completed. (0x12B)
[0906/143534.229:ERROR:process_memory_win.cc(73)] ReadMemory at 0xebcf5fc000 of 16384 bytes failed: Only part of a ReadProcessMemory or WriteProcessMemory request was completed. (0x12B)
[0906/143534.229:ERROR:process_memory_win.cc(73)] ReadMemory at 0xebcc5fd000 of 12288 bytes failed: Only part of a ReadProcessMemory or WriteProcessMemory request was completed. (0x12B)
[0906/143534.229:ERROR:process_memory_win.cc(73)] ReadMemory at 0xebd05fd000 of 12288 bytes failed: Only part of a ReadProcessMemory or WriteProcessMemory request was completed. (0x12B)
[0906/143534.229:ERROR:process_memory_win.cc(73)] ReadMemory at 0xebd25fd000 of 12288 bytes failed: Only part of a ReadProcessMemory or WriteProcessMemory request was completed. (0x12B)
[0906/143534.229:ERROR:process_memory_win.cc(73)] ReadMemory at 0xebd15fd000 of 12288 bytes failed: Only part of a ReadProcessMemory or WriteProcessMemory request was completed. (0x12B)
[0906/143534.229:ERROR:process_memory_win.cc(73)] ReadMemory at 0xebc95fd000 of 12288 bytes failed: Only part of a ReadProcessMemory or WriteProcessMemory request was completed. (0x12B)
[0906/143534.229:ERROR:process_memory_win.cc(73)] ReadMemory at 0xebcfdfd000 of 12288 bytes failed: Only part of a ReadProcessMemory or WriteProcessMemory request was completed. (0x12B)
[0906/143534.229:ERROR:process_memory_win.cc(73)] ReadMemory at 0xebd0dfd000 of 12288 bytes failed: Only part of a ReadProcessMemory or WriteProcessMemory request was completed. (0x12B)
[0906/143534.229:ERROR:process_memory_win.cc(73)] ReadMemory at 0xebd1dfd000 of 12288 bytes failed: Only part of a ReadProcessMemory or WriteProcessMemory request was completed. (0x12B)
[0906/143534.229:ERROR:process_memory_win.cc(73)] ReadMemory at 0xebc7ce4000 of 6024 bytes failed: Only part of a ReadProcessMemory or WriteProcessMemory request was completed. (0x12B)
[0906/143534.229:ERROR:process_memory_win.cc(73)] ReadMemory at 0xebc7cef000 of 852 bytes failed: Only part of a ReadProcessMemory or WriteProcessMemory request was completed. (0x12B)
[0906/143534.229:ERROR:process_memory_win.cc(73)] ReadMemory at 0xebc7cf0000 of 6024 bytes failed: Only part of a ReadProcessMemory or WriteProcessMemory request was completed. (0x12B)
[0906/143534.229:ERROR:process_memory_win.cc(73)] ReadMemory at 0xebc7cf2000 of 6024 bytes failed: Only part of a ReadProcessMemory or WriteProcessMemory request was completed. (0x12B)
[0906/143534.229:ERROR:process_memory_win.cc(73)] ReadMemory at 0xebc7cf6000 of 6024 bytes failed: Only part of a ReadProcessMemory or WriteProcessMemory request was completed. (0x12B)
[0906/143534.229:ERROR:process_memory_win.cc(73)] ReadMemory at 0xebc7cf8000 of 6024 bytes failed: Only part of a ReadProcessMemory or WriteProcessMemory request was completed. (0x12B)
[0906/143534.230:ERROR:process_memory_win.cc(73)] ReadMemory at 0xebc7cfa000 of 6024 bytes failed: Only part of a ReadProcessMemory or WriteProcessMemory request was completed. (0x12B)
[0906/143534.230:ERROR:process_memory_win.cc(73)] ReadMemory at 0xebc7cfc000 of 6024 bytes failed: Only part of a ReadProcessMemory or WriteProcessMemory request was completed. (0x12B)
[0906/143534.230:ERROR:process_memory_win.cc(73)] ReadMemory at 0xebc7cfe000 of 6024 bytes failed: Only part of a ReadProcessMemory or WriteProcessMemory request was completed. (0x12B)
[0906/143534.230:ERROR:process_memory_win.cc(73)] ReadMemory at 0xebc7d02000 of 6024 bytes failed: Only part of a ReadProcessMemory or WriteProcessMemory request was completed. (0x12B)
[0906/143534.230:ERROR:process_memory_win.cc(73)] ReadMemory at 0xebc7d04000 of 6024 bytes failed: Only part of a ReadProcessMemory or WriteProcessMemory request was completed. (0x12B)
[0906/143534.230:ERROR:process_memory_win.cc(73)] ReadMemory at 0xebc7d06000 of 6024 bytes failed: Only part of a ReadProcessMemory or WriteProcessMemory request was completed. (0x12B)
[0906/143534.230:ERROR:process_memory_win.cc(73)] ReadMemory at 0xebc7d08000 of 6024 bytes failed: Only part of a ReadProcessMemory or WriteProcessMemory request was completed. (0x12B)
[0906/143534.230:ERROR:process_memory_win.cc(73)] ReadMemory at 0xebc7d0a000 of 6024 bytes failed: Only part of a ReadProcessMemory or WriteProcessMemory request was completed. (0x12B)
[0906/143534.230:ERROR:process_memory_win.cc(73)] ReadMemory at 0xebc7d0c000 of 6024 bytes failed: Only part of a ReadProcessMemory or WriteProcessMemory request was completed. (0x12B)
[0906/143534.230:ERROR:process_memory_win.cc(73)] ReadMemory at 0xebc7d1a000 of 6024 bytes failed: Only part of a ReadProcessMemory or WriteProcessMemory request was completed. (0x12B)
[0906/143534.230:ERROR:process_memory_win.cc(73)] ReadMemory at 0xebc7d2c000 of 6024 bytes failed: Only part of a ReadProcessMemory or WriteProcessMemory request was completed. (0x12B)
[0906/143534.230:ERROR:process_memory_win.cc(73)] ReadMemory at 0xebc7d32000 of 6024 bytes failed: Only part of a ReadProcessMemory or WriteProcessMemory request was completed. (0x12B)
[0906/143534.230:ERROR:process_memory_win.cc(73)] ReadMemory at 0xebc7d36000 of 6024 bytes failed: Only part of a ReadProcessMemory or WriteProcessMemory request was completed. (0x12B)
[0906/143534.231:ERROR:process_memory_win.cc(73)] ReadMemory at 0xebc7d38000 of 6024 bytes failed: Only part of a ReadProcessMemory or WriteProcessMemory request was completed. (0x12B)
[0906/143534.231:ERROR:process_memory_win.cc(73)] ReadMemory at 0xebc7d3a000 of 6024 bytes failed: Only part of a ReadProcessMemory or WriteProcessMemory request was completed. (0x12B)
[0906/143534.231:ERROR:process_memory_win.cc(73)] ReadMemory at 0xebc7d3c000 of 6024 bytes failed: Only part of a ReadProcessMemory or WriteProcessMemory request was completed. (0x12B)
[0906/143534.231:ERROR:process_memory_win.cc(73)] ReadMemory at 0x261340a0000 of 384 bytes failed: Only part of a ReadProcessMemory or WriteProcessMemory request was completed. (0x12B)
[0906/143534.231:ERROR:process_memory_win.cc(73)] ReadMemory at 0x261340a0248 of 512 bytes failed: Only part of a ReadProcessMemory or WriteProcessMemory request was completed. (0x12B)
[0906/143534.231:ERROR:process_memory_win.cc(73)] ReadMemory at 0x261340a0fe0 of 4360 bytes failed: Only part of a ReadProcessMemory or WriteProcessMemory request was completed. (0x12B)
[0906/143534.231:ERROR:process_memory_win.cc(73)] ReadMemory at 0x261340a20f0 of 1012 bytes failed: Only part of a ReadProcessMemory or WriteProcessMemory request was completed. (0x12B)
[0906/143534.231:ERROR:process_memory_win.cc(73)] ReadMemory at 0x261340a2738 of 118 bytes failed: Only part of a ReadProcessMemory or WriteProcessMemory request was completed. (0x12B)
[0906/143534.231:ERROR:process_memory_win.cc(73)] ReadMemory at 0x261340a27b0 of 1178 bytes failed: Only part of a ReadProcessMemory or WriteProcessMemory request was completed. (0x12B)
[0906/143534.231:ERROR:process_memory_win.cc(73)] ReadMemory at 0x261340a2c4c of 118 bytes failed: Only part of a ReadProcessMemory or WriteProcessMemory request was completed. (0x12B)
[0906/143534.231:ERROR:process_memory_win.cc(73)] ReadMemory at 0x261340a2cc4 of 96 bytes failed: Only part of a ReadProcessMemory or WriteProcessMemory request was completed. (0x12B)
[0906/143534.232:ERROR:process_memory_win.cc(73)] ReadMemory at 0x261340a2d30 of 58 bytes failed: Only part of a ReadProcessMemory or WriteProcessMemory request was completed. (0x12B)
[0906/143534.232:ERROR:process_memory_win.cc(73)] ReadMemory at 0x261340a2e30 of 132 bytes failed: Only part of a ReadProcessMemory or WriteProcessMemory request was completed. (0x12B)
[0906/143534.232:ERROR:process_memory_win.cc(73)] ReadMemory at 0x261340a2fc0 of 132 bytes failed: Only part of a ReadProcessMemory or WriteProcessMemory request was completed. (0x12B)
[0906/143534.232:ERROR:process_memory_win.cc(73)] ReadMemory at 0x261340a3180 of 126 bytes failed: Only part of a ReadProcessMemory or WriteProcessMemory request was completed. (0x12B)
[0906/143534.232:ERROR:process_memory_win.cc(73)] ReadMemory at 0x261340a3560 of 132 bytes failed: Only part of a ReadProcessMemory or WriteProcessMemory request was completed. (0x12B)
[0906/143534.232:ERROR:process_memory_win.cc(73)] ReadMemory at 0x261340a36f0 of 64 bytes failed: Only part of a ReadProcessMemory or WriteProcessMemory request was completed. (0x12B)
[0906/143534.232:ERROR:process_memory_win.cc(73)] ReadMemory at 0x261340a3740 of 132 bytes failed: Only part of a ReadProcessMemory or WriteProcessMemory request was completed. (0x12B)
[0906/143534.232:ERROR:process_memory_win.cc(73)] ReadMemory at 0x261340a3b50 of 132 bytes failed: Only part of a ReadProcessMemory or WriteProcessMemory request was completed. (0x12B)
[0906/143534.232:ERROR:process_memory_win.cc(73)] ReadMemory at 0x261340a3ce0 of 68 bytes failed: Only part of a ReadProcessMemory or WriteProcessMemory request was completed. (0x12B)
[0906/143534.232:ERROR:process_memory_win.cc(73)] ReadMemory at 0x261340a4f10 of 132 bytes failed: Only part of a ReadProcessMemory or WriteProcessMemory request was completed. (0x12B)
[0906/143534.232:ERROR:process_memory_win.cc(73)] ReadMemory at 0x261340a5040 of 154 bytes failed: Only part of a ReadProcessMemory or WriteProcessMemory request was completed. (0x12B)
[0906/143534.232:ERROR:process_memory_win.cc(73)] ReadMemory at 0x261340a5e50 of 60 bytes failed: Only part of a ReadProcessMemory or WriteProcessMemory request was completed. (0x12B)
[0906/143534.232:ERROR:process_memory_win.cc(73)] ReadMemory at 0x261340a5ef0 of 62 bytes failed: Only part of a ReadProcessMemory or WriteProcessMemory request was completed. (0x12B)
[0906/143534.232:ERROR:process_memory_win.cc(73)] ReadMemory at 0x261340a65b0 of 132 bytes failed: Only part of a ReadProcessMemory or WriteProcessMemory request was completed. (0x12B)
[0906/143534.232:ERROR:process_memory_win.cc(73)] ReadMemory at 0x261340ad430 of 62 bytes failed: Only part of a ReadProcessMemory or WriteProcessMemory request was completed. (0x12B)
[0906/143534.232:ERROR:process_memory_win.cc(73)] ReadMemory at 0x261340adffc of 512 bytes failed: Only part of a ReadProcessMemory or WriteProcessMemory request was completed. (0x12B)
[0906/143534.232:ERROR:process_memory_win.cc(73)] ReadMemory at 0x261340aeb90 of 54 bytes failed: Only part of a ReadProcessMemory or WriteProcessMemory request was completed. (0x12B)
[0906/143534.233:ERROR:process_memory_win.cc(73)] ReadMemory at 0x261340b2b50 of 132 bytes failed: Only part of a ReadProcessMemory or WriteProcessMemory request was completed. (0x12B)
[0906/143534.233:ERROR:process_memory_win.cc(73)] ReadMemory at 0x261340b2e70 of 132 bytes failed: Only part of a ReadProcessMemory or WriteProcessMemory request was completed. (0x12B)
[0906/143534.233:ERROR:process_memory_win.cc(73)] ReadMemory at 0x261340b3080 of 132 bytes failed: Only part of a ReadProcessMemory or WriteProcessMemory request was completed. (0x12B)
[0906/143534.233:ERROR:process_memory_win.cc(73)] ReadMemory at 0x261340b31b0 of 132 bytes failed: Only part of a ReadProcessMemory or WriteProcessMemory request was completed. (0x12B)
[0906/143534.233:ERROR:process_memory_win.cc(73)] ReadMemory at 0x261340b3d10 of 80 bytes failed: Only part of a ReadProcessMemory or WriteProcessMemory request was completed. (0x12B)
[0906/143534.233:ERROR:process_memory_win.cc(73)] ReadMemory at 0x261340b4170 of 132 bytes failed: Only part of a ReadProcessMemory or WriteProcessMemory request was completed. (0x12B)
[0906/143534.233:ERROR:process_memory_win.cc(73)] ReadMemory at 0x261340b4410 of 132 bytes failed: Only part of a ReadProcessMemory or WriteProcessMemory request was completed. (0x12B)
[0906/143534.233:ERROR:process_memory_win.cc(73)] ReadMemory at 0x261340b5640 of 132 bytes failed: Only part of a ReadProcessMemory or WriteProcessMemory request was completed. (0x12B)
[0906/143534.233:ERROR:process_memory_win.cc(73)] ReadMemory at 0x261340b5770 of 132 bytes failed: Only part of a ReadProcessMemory or WriteProcessMemory request was completed. (0x12B)
[0906/143534.233:ERROR:process_memory_win.cc(73)] ReadMemory at 0x261340b59d0 of 132 bytes failed: Only part of a ReadProcessMemory or WriteProcessMemory request was completed. (0x12B)
[0906/143534.233:ERROR:process_memory_win.cc(73)] ReadMemory at 0x261340b5b00 of 132 bytes failed: Only part of a ReadProcessMemory or WriteProcessMemory request was completed. (0x12B)
[0906/143534.233:ERROR:process_memory_win.cc(73)] ReadMemory at 0x261340b5c30 of 132 bytes failed: Only part of a ReadProcessMemory or WriteProcessMemory request was completed. (0x12B)
[0906/143534.233:ERROR:process_memory_win.cc(73)] ReadMemory at 0x261340b5d60 of 132 bytes failed: Only part of a ReadProcessMemory or WriteProcessMemory request was completed. (0x12B)
[0906/143534.233:ERROR:process_memory_win.cc(73)] ReadMemory at 0x261340b5e90 of 132 bytes failed: Only part of a ReadProcessMemory or WriteProcessMemory request was completed. (0x12B)
[0906/143534.233:ERROR:process_memory_win.cc(73)] ReadMemory at 0x261340b5fc0 of 132 bytes failed: Only part of a ReadProcessMemory or WriteProcessMemory request was completed. (0x12B)
[0906/143534.233:ERROR:process_memory_win.cc(73)] ReadMemory at 0x261340b60f0 of 132 bytes failed: Only part of a ReadProcessMemory or WriteProcessMemory request was completed. (0x12B)
[0906/143534.233:ERROR:process_memory_win.cc(73)] ReadMemory at 0x261340b6220 of 132 bytes failed: Only part of a ReadProcessMemory or WriteProcessMemory request was completed. (0x12B)
[0906/143534.233:ERROR:process_memory_win.cc(73)] ReadMemory at 0x261340b6350 of 132 bytes failed: Only part of a ReadProcessMemory or WriteProcessMemory request was completed. (0x12B)
[0906/143534.233:ERROR:process_memory_win.cc(73)] ReadMemory at 0x261340b6480 of 132 bytes failed: Only part of a ReadProcessMemory or WriteProcessMemory request was completed. (0x12B)
[0906/143534.234:ERROR:process_memory_win.cc(73)] ReadMemory at 0x261340b86d0 of 132 bytes failed: Only part of a ReadProcessMemory or WriteProcessMemory request was completed. (0x12B)
[0906/143534.234:ERROR:process_memory_win.cc(73)] ReadMemory at 0x261340b9020 of 62 bytes failed: Only part of a ReadProcessMemory or WriteProcessMemory request was completed. (0x12B)
[0906/143534.234:ERROR:process_memory_win.cc(73)] ReadMemory at 0x261340b9070 of 66 bytes failed: Only part of a ReadProcessMemory or WriteProcessMemory request was completed. (0x12B)
[0906/143534.234:ERROR:process_memory_win.cc(73)] ReadMemory at 0x261340b90c0 of 62 bytes failed: Only part of a ReadProcessMemory or WriteProcessMemory request was completed. (0x12B)
[0906/143534.234:ERROR:process_memory_win.cc(73)] ReadMemory at 0x261340b9110 of 60 bytes failed: Only part of a ReadProcessMemory or WriteProcessMemory request was completed. (0x12B)
[0906/143534.234:ERROR:process_memory_win.cc(73)] ReadMemory at 0x261340b9160 of 64 bytes failed: Only part of a ReadProcessMemory or WriteProcessMemory request was completed. (0x12B)
[0906/143534.234:ERROR:process_memory_win.cc(73)] ReadMemory at 0x261340b91b0 of 62 bytes failed: Only part of a ReadProcessMemory or WriteProcessMemory request was completed. (0x12B)
[0906/143534.234:ERROR:process_memory_win.cc(73)] ReadMemory at 0x261340b9200 of 62 bytes failed: Only part of a ReadProcessMemory or WriteProcessMemory request was completed. (0x12B)
[0906/143534.234:ERROR:process_memory_win.cc(73)] ReadMemory at 0x261340b9250 of 62 bytes failed: Only part of a ReadProcessMemory or WriteProcessMemory request was completed. (0x12B)
[0906/143534.234:ERROR:process_memory_win.cc(73)] ReadMemory at 0x261340b92a0 of 64 bytes failed: Only part of a ReadProcessMemory or WriteProcessMemory request was completed. (0x12B)
[0906/143534.235:ERROR:process_memory_win.cc(73)] ReadMemory at 0x261340b9390 of 64 bytes failed: Only part of a ReadProcessMemory or WriteProcessMemory request was completed. (0x12B)
[0906/143534.235:ERROR:process_memory_win.cc(73)] ReadMemory at 0x261340b93e0 of 60 bytes failed: Only part of a ReadProcessMemory or WriteProcessMemory request was completed. (0x12B)
[0906/143534.235:ERROR:process_memory_win.cc(73)] ReadMemory at 0x261340b9430 of 66 bytes failed: Only part of a ReadProcessMemory or WriteProcessMemory request was completed. (0x12B)
[0906/143534.235:ERROR:process_memory_win.cc(73)] ReadMemory at 0x261340b94d0 of 64 bytes failed: Only part of a ReadProcessMemory or WriteProcessMemory request was completed. (0x12B)
[0906/143534.235:ERROR:process_memory_win.cc(73)] ReadMemory at 0x261340b9520 of 64 bytes failed: Only part of a ReadProcessMemory or WriteProcessMemory request was completed. (0x12B)
[0906/143534.235:ERROR:process_memory_win.cc(73)] ReadMemory at 0x261340b95c0 of 60 bytes failed: Only part of a ReadProcessMemory or WriteProcessMemory request was completed. (0x12B)
[0906/143534.235:ERROR:process_memory_win.cc(73)] ReadMemory at 0x261340b9610 of 62 bytes failed: Only part of a ReadProcessMemory or WriteProcessMemory request was completed. (0x12B)
[0906/143534.235:ERROR:process_memory_win.cc(73)] ReadMemory at 0x261340b9660 of 58 bytes failed: Only part of a ReadProcessMemory or WriteProcessMemory request was completed. (0x12B)
[0906/143534.235:ERROR:process_memory_win.cc(73)] ReadMemory at 0x261340b97f0 of 64 bytes failed: Only part of a ReadProcessMemory or WriteProcessMemory request was completed. (0x12B)
[0906/143534.236:ERROR:process_memory_win.cc(73)] ReadMemory at 0x261340b9890 of 62 bytes failed: Only part of a ReadProcessMemory or WriteProcessMemory request was completed. (0x12B)
[0906/143534.236:ERROR:process_memory_win.cc(73)] ReadMemory at 0x261340b9980 of 62 bytes failed: Only part of a ReadProcessMemory or WriteProcessMemory request was completed. (0x12B)
[0906/143534.236:ERROR:process_memory_win.cc(73)] ReadMemory at 0x261340b99d0 of 60 bytes failed: Only part of a ReadProcessMemory or WriteProcessMemory request was completed. (0x12B)
[0906/143534.236:ERROR:process_memory_win.cc(73)] ReadMemory at 0x261340b9a70 of 62 bytes failed: Only part of a ReadProcessMemory or WriteProcessMemory request was completed. (0x12B)
[0906/143534.236:ERROR:process_memory_win.cc(73)] ReadMemory at 0x261340b9ac0 of 60 bytes failed: Only part of a ReadProcessMemory or WriteProcessMemory request was completed. (0x12B)
[0906/143534.237:ERROR:process_memory_win.cc(73)] ReadMemory at 0x261340b9bb0 of 64 bytes failed: Only part of a ReadProcessMemory or WriteProcessMemory request was completed. (0x12B)
[0906/143534.237:ERROR:process_memory_win.cc(73)] ReadMemory at 0x261340b9d40 of 60 bytes failed: Only part of a ReadProcessMemory or WriteProcessMemory request was completed. (0x12B)
[0906/143534.237:ERROR:process_memory_win.cc(73)] ReadMemory at 0x261340b9d90 of 64 bytes failed: Only part of a ReadProcessMemory or WriteProcessMemory request was completed. (0x12B)
[0906/143534.237:ERROR:process_memory_win.cc(73)] ReadMemory at 0x261340bd930 of 146 bytes failed: Only part of a ReadProcessMemory or WriteProcessMemory request was completed. (0x12B)
[0906/143534.237:ERROR:process_memory_win.cc(73)] ReadMemory at 0x261340c08d0 of 132 bytes failed: Only part of a ReadProcessMemory or WriteProcessMemory request was completed. (0x12B)
[0906/143534.237:ERROR:process_memory_win.cc(73)] ReadMemory at 0x261340c0c30 of 132 bytes failed: Only part of a ReadProcessMemory or WriteProcessMemory request was completed. (0x12B)
[0906/143534.237:ERROR:process_memory_win.cc(73)] ReadMemory at 0x261340c0e40 of 132 bytes failed: Only part of a ReadProcessMemory or WriteProcessMemory request was completed. (0x12B)
[0906/143534.237:ERROR:process_memory_win.cc(73)] ReadMemory at 0x261340c0fc0 of 132 bytes failed: Only part of a ReadProcessMemory or WriteProcessMemory request was completed. (0x12B)
[0906/143534.237:ERROR:process_memory_win.cc(73)] ReadMemory at 0x261340c10f0 of 132 bytes failed: Only part of a ReadProcessMemory or WriteProcessMemory request was completed. (0x12B)
[0906/143534.238:ERROR:process_memory_win.cc(73)] ReadMemory at 0x261340c1350 of 132 bytes failed: Only part of a ReadProcessMemory or WriteProcessMemory request was completed. (0x12B)
[0906/143534.238:ERROR:process_memory_win.cc(73)] ReadMemory at 0x261340c1480 of 132 bytes failed: Only part of a ReadProcessMemory or WriteProcessMemory request was completed. (0x12B)
[0906/143534.238:ERROR:process_memory_win.cc(73)] ReadMemory at 0x261340c15b0 of 132 bytes failed: Only part of a ReadProcessMemory or WriteProcessMemory request was completed. (0x12B)
[0906/143534.238:ERROR:process_memory_win.cc(73)] ReadMemory at 0x261340c16e0 of 132 bytes failed: Only part of a ReadProcessMemory or WriteProcessMemory request was completed. (0x12B)
[0906/143534.238:ERROR:process_memory_win.cc(73)] ReadMemory at 0x261340c1810 of 132 bytes failed: Only part of a ReadProcessMemory or WriteProcessMemory request was completed. (0x12B)
[0906/143534.238:ERROR:process_memory_win.cc(73)] ReadMemory at 0x261340c1ba0 of 132 bytes failed: Only part of a ReadProcessMemory or WriteProcessMemory request was completed. (0x12B)
[0906/143534.238:ERROR:process_memory_win.cc(73)] ReadMemory at 0x261340c1cd0 of 132 bytes failed: Only part of a ReadProcessMemory or WriteProcessMemory request was completed. (0x12B)
[0906/143534.238:ERROR:process_memory_win.cc(73)] ReadMemory at 0x261340c2060 of 132 bytes failed: Only part of a ReadProcessMemory or WriteProcessMemory request was completed. (0x12B)
[0906/143534.238:ERROR:process_memory_win.cc(73)] ReadMemory at 0x261340c2190 of 132 bytes failed: Only part of a ReadProcessMemory or WriteProcessMemory request was completed. (0x12B)
[0906/143534.238:ERROR:process_memory_win.cc(73)] ReadMemory at 0x261340c22c0 of 132 bytes failed: Only part of a ReadProcessMemory or WriteProcessMemory request was completed. (0x12B)
[0906/143534.238:ERROR:process_memory_win.cc(73)] ReadMemory at 0x261340c23f0 of 132 bytes failed: Only part of a ReadProcessMemory or WriteProcessMemory request was completed. (0x12B)
[0906/143534.238:ERROR:process_memory_win.cc(73)] ReadMemory at 0x261340c2520 of 132 bytes failed: Only part of a ReadProcessMemory or WriteProcessMemory request was completed. (0x12B)
[0906/143534.238:ERROR:process_memory_win.cc(73)] ReadMemory at 0x261340c2650 of 132 bytes failed: Only part of a ReadProcessMemory or WriteProcessMemory request was completed. (0x12B)
[0906/143534.239:ERROR:process_memory_win.cc(73)] ReadMemory at 0x261340c2780 of 132 bytes failed: Only part of a ReadProcessMemory or WriteProcessMemory request was completed. (0x12B)
[0906/143534.239:ERROR:process_memory_win.cc(73)] ReadMemory at 0x261340c28b0 of 132 bytes failed: Only part of a ReadProcessMemory or WriteProcessMemory request was completed. (0x12B)
[0906/143534.239:ERROR:process_memory_win.cc(73)] ReadMemory at 0x261340c29e0 of 132 bytes failed: Only part of a ReadProcessMemory or WriteProcessMemory request was completed. (0x12B)
[0906/143534.239:ERROR:process_memory_win.cc(73)] ReadMemory at 0x261340c2b10 of 132 bytes failed: Only part of a ReadProcessMemory or WriteProcessMemory request was completed. (0x12B)
[0906/143534.239:ERROR:process_memory_win.cc(73)] ReadMemory at 0x261340c2c40 of 132 bytes failed: Only part of a ReadProcessMemory or WriteProcessMemory request was completed. (0x12B)
[0906/143534.239:ERROR:process_memory_win.cc(73)] ReadMemory at 0x261340c2d70 of 132 bytes failed: Only part of a ReadProcessMemory or WriteProcessMemory request was completed. (0x12B)
[0906/143534.239:ERROR:process_memory_win.cc(73)] ReadMemory at 0x261340c38c0 of 76 bytes failed: Only part of a ReadProcessMemory or WriteProcessMemory request was completed. (0x12B)
[0906/143534.239:ERROR:process_memory_win.cc(73)] ReadMemory at 0x261340c4160 of 80 bytes failed: Only part of a ReadProcessMemory or WriteProcessMemory request was completed. (0x12B)
[0906/143534.239:ERROR:process_memory_win.cc(73)] ReadMemory at 0x261340e4570 of 60 bytes failed: Only part of a ReadProcessMemory or WriteProcessMemory request was completed. (0x12B)
[0906/143534.239:ERROR:process_memory_win.cc(73)] ReadMemory at 0x261340e4700 of 62 bytes failed: Only part of a ReadProcessMemory or WriteProcessMemory request was completed. (0x12B)
[0906/143534.239:ERROR:process_memory_win.cc(73)] ReadMemory at 0x261340e47a0 of 62 bytes failed: Only part of a ReadProcessMemory or WriteProcessMemory request was completed. (0x12B)
[0906/143534.239:ERROR:process_memory_win.cc(73)] ReadMemory at 0x261340e4890 of 58 bytes failed: Only part of a ReadProcessMemory or WriteProcessMemory request was completed. (0x12B)
[0906/143534.239:ERROR:process_memory_win.cc(73)] ReadMemory at 0x261340e4ac0 of 58 bytes failed: Only part of a ReadProcessMemory or WriteProcessMemory request was completed. (0x12B)
[0906/143534.239:ERROR:process_memory_win.cc(73)] ReadMemory at 0x261340e4b60 of 66 bytes failed: Only part of a ReadProcessMemory or WriteProcessMemory request was completed. (0x12B)
[0906/143534.239:ERROR:process_memory_win.cc(73)] ReadMemory at 0x261340e4d40 of 62 bytes failed: Only part of a ReadProcessMemory or WriteProcessMemory request was completed. (0x12B)
[0906/143534.239:ERROR:process_memory_win.cc(73)] ReadMemory at 0x261340e4de0 of 58 bytes failed: Only part of a ReadProcessMemory or WriteProcessMemory request was completed. (0x12B)
[0906/143534.239:ERROR:process_memory_win.cc(73)] ReadMemory at 0x261340e4f20 of 60 bytes failed: Only part of a ReadProcessMemory or WriteProcessMemory request was completed. (0x12B)
[0906/143534.240:ERROR:process_memory_win.cc(73)] ReadMemory at 0x261340e4fc0 of 64 bytes failed: Only part of a ReadProcessMemory or WriteProcessMemory request was completed. (0x12B)
[0906/143534.240:ERROR:process_memory_win.cc(73)] ReadMemory at 0x261340f4200 of 512 bytes failed: Only part of a ReadProcessMemory or WriteProcessMemory request was completed. (0x12B)
[0906/143534.240:ERROR:process_memory_win.cc(73)] ReadMemory at 0x261340f9420 of 78 bytes failed: Only part of a ReadProcessMemory or WriteProcessMemory request was completed. (0x12B)
[0906/143534.240:ERROR:process_memory_win.cc(73)] ReadMemory at 0x2613411ae80 of 512 bytes failed: Only part of a ReadProcessMemory or WriteProcessMemory request was completed. (0x12B)
[0906/143534.240:ERROR:process_memory_win.cc(73)] ReadMemory at 0x261341219e0 of 512 bytes failed: Only part of a ReadProcessMemory or WriteProcessMemory request was completed. (0x12B)
[0906/143534.240:ERROR:process_memory_win.cc(73)] ReadMemory at 0x261341320e0 of 512 bytes failed: Only part of a ReadProcessMemory or WriteProcessMemory request was completed. (0x12B)
[0906/143534.240:ERROR:process_memory_win.cc(73)] ReadMemory at 0x26134133840 of 512 bytes failed: Only part of a ReadProcessMemory or WriteProcessMemory request was completed. (0x12B)
[0906/143534.240:ERROR:process_memory_win.cc(73)] ReadMemory at 0x2613413fe00 of 712 bytes failed: Only part of a ReadProcessMemory or WriteProcessMemory request was completed. (0x12B)
[0906/143534.240:ERROR:process_memory_win.cc(73)] ReadMemory at 0x26134159c80 of 512 bytes failed: Only part of a ReadProcessMemory or WriteProcessMemory request was completed. (0x12B)
[0906/143534.240:ERROR:process_memory_win.cc(73)] ReadMemory at 0x2613417a150 of 512 bytes failed: Only part of a ReadProcessMemory or WriteProcessMemory request was completed. (0x12B)
[0906/143534.240:ERROR:process_memory_win.cc(73)] ReadMemory at 0x26134184a40 of 512 bytes failed: Only part of a ReadProcessMemory or WriteProcessMemory request was completed. (0x12B)
[0906/143534.240:ERROR:process_memory_win.cc(73)] ReadMemory at 0x261341ebf80 of 512 bytes failed: Only part of a ReadProcessMemory or WriteProcessMemory request was completed. (0x12B)
[0906/143534.240:ERROR:process_memory_win.cc(73)] ReadMemory at 0x26135cdf4f0 of 512 bytes failed: Only part of a ReadProcessMemory or WriteProcessMemory request was completed. (0x12B)
[0906/143534.240:ERROR:process_memory_win.cc(73)] ReadMemory at 0x261363fc0f0 of 560 bytes failed: Only part of a ReadProcessMemory or WriteProcessMemory request was completed. (0x12B)
[0906/143534.240:ERROR:process_memory_win.cc(73)] ReadMemory at 0x26136d0cf4c of 512 bytes failed: Only part of a ReadProcessMemory or WriteProcessMemory request was completed. (0x12B)
[0906/143534.240:ERROR:process_memory_win.cc(73)] ReadMemory at 0x26137a0cc00 of 512 bytes failed: Only part of a ReadProcessMemory or WriteProcessMemory request was completed. (0x12B)
[0906/143534.240:ERROR:process_memory_win.cc(73)] ReadMemory at 0x26137a0d2f0 of 512 bytes failed: Only part of a ReadProcessMemory or WriteProcessMemory request was completed. (0x12B)
[0906/143534.240:ERROR:process_memory_win.cc(73)] ReadMemory at 0x26137a89520 of 520 bytes failed: Only part of a ReadProcessMemory or WriteProcessMemory request was completed. (0x12B)
[0906/143534.241:ERROR:process_memory_win.cc(73)] ReadMemory at 0x26137b8e8e0 of 512 bytes failed: Only part of a ReadProcessMemory or WriteProcessMemory request was completed. (0x12B)
[0906/143534.241:ERROR:process_memory_win.cc(73)] ReadMemory at 0x26137bf6203 of 512 bytes failed: Only part of a ReadProcessMemory or WriteProcessMemory request was completed. (0x12B)
[0906/143534.241:ERROR:process_memory_win.cc(73)] ReadMemory at 0x26137e79780 of 512 bytes failed: Only part of a ReadProcessMemory or WriteProcessMemory request was completed. (0x12B)
[0906/143534.241:ERROR:process_memory_win.cc(73)] ReadMemory at 0x2613abd08e8 of 512 bytes failed: Only part of a ReadProcessMemory or WriteProcessMemory request was completed. (0x12B)
[0906/143534.241:ERROR:process_memory_win.cc(73)] ReadMemory at 0x2613b894720 of 552 bytes failed: Only part of a ReadProcessMemory or WriteProcessMemory request was completed. (0x12B)
[0906/143534.241:ERROR:process_memory_win.cc(73)] ReadMemory at 0x4e1500080000 of 384 bytes failed: Only part of a ReadProcessMemory or WriteProcessMemory request was completed. (0x12B)
[0906/143534.241:ERROR:process_memory_win.cc(73)] ReadMemory at 0x4e150827dd69 of 512 bytes failed: Only part of a ReadProcessMemory or WriteProcessMemory request was completed. (0x12B)
[0906/143534.241:ERROR:process_memory_win.cc(73)] ReadMemory at 0x4e1508936975 of 512 bytes failed: Only part of a ReadProcessMemory or WriteProcessMemory request was completed. (0x12B)
[0906/143534.241:ERROR:process_memory_win.cc(73)] ReadMemory at 0x4e1508a3bbd1 of 512 bytes failed: Only part of a ReadProcessMemory or WriteProcessMemory request was completed. (0x12B)
[0906/143534.241:ERROR:process_memory_win.cc(73)] ReadMemory at 0x4e1508d5df58 of 512 bytes failed: Only part of a ReadProcessMemory or WriteProcessMemory request was completed. (0x12B)
[0906/143534.241:ERROR:process_memory_win.cc(73)] ReadMemory at 0x4e1508e47648 of 512 bytes failed: Only part of a ReadProcessMemory or WriteProcessMemory request was completed. (0x12B)
[0906/143534.241:ERROR:process_memory_win.cc(73)] ReadMemory at 0x623d3bad8800 of 512 bytes failed: Only part of a ReadProcessMemory or WriteProcessMemory request was completed. (0x12B)
[0906/143534.241:ERROR:process_memory_win.cc(73)] ReadMemory at 0x7ffe5333343e of 512 bytes failed: Only part of a ReadProcessMemory or WriteProcessMemory request was completed. (0x12B)
[0906/143534.241:ERROR:process_memory_win.cc(73)] ReadMemory at 0x7ffe533b4b40 of 512 bytes failed: Only part of a ReadProcessMemory or WriteProcessMemory request was completed. (0x12B)
[0906/143534.241:ERROR:process_memory_win.cc(73)] ReadMemory at 0x7ffe54f689c0 of 512 bytes failed: Only part of a ReadProcessMemory or WriteProcessMemory request was completed. (0x12B)
[0906/143534.242:ERROR:process_memory_win.cc(73)] ReadMemory at 0x7ffe55f665e2 of 512 bytes failed: Only part of a ReadProcessMemory or WriteProcessMemory request was completed. (0x12B)
[0906/143534.242:ERROR:process_memory_win.cc(73)] ReadMemory at 0x7ffe5640cfd0 of 512 bytes failed: Only part of a ReadProcessMemory or WriteProcessMemory request was completed. (0x12B)
[0906/143534.242:ERROR:process_memory_win.cc(73)] ReadMemory at 0x7ffe5a1d31a4 of 512 bytes failed: Only part of a ReadProcessMemory or WriteProcessMemory request was completed. (0x12B)
[0906/143534.242:ERROR:process_memory_win.cc(73)] ReadMemory at 0x7ffe5a2a96f0 of 512 bytes failed: Only part of a ReadProcessMemory or WriteProcessMemory request was completed. (0x12B)
[0906/143534.242:ERROR:process_memory_win.cc(73)] ReadMemory at 0x7ffe5a419268 of 512 bytes failed: Only part of a ReadProcessMemory or WriteProcessMemory request was completed. (0x12B)
[0906/143534.242:ERROR:process_memory_win.cc(73)] ReadMemory at 0x7ffe5aa1177d of 512 bytes failed: Only part of a ReadProcessMemory or WriteProcessMemory request was completed. (0x12B)
[0906/143534.242:ERROR:process_memory_win.cc(73)] ReadMemory at 0x7ffe5adfc188 of 512 bytes failed: Only part of a ReadProcessMemory or WriteProcessMemory request was completed. (0x12B)
[0906/143534.242:ERROR:process_memory_win.cc(73)] ReadMemory at 0x7ffe9e1aa699 of 512 bytes failed: Only part of a ReadProcessMemory or WriteProcessMemory request was completed. (0x12B)
[0906/143534.242:ERROR:process_memory_win.cc(73)] ReadMemory at 0x7ffe9e3dc6d0 of 512 bytes failed: Only part of a ReadProcessMemory or WriteProcessMemory request was completed. (0x12B)
[0906/143534.242:ERROR:process_memory_win.cc(73)] ReadMemory at 0x7ffea07dc074 of 672 bytes failed: Only part of a ReadProcessMemory or WriteProcessMemory request was completed. (0x12B)
[0906/143534.242:ERROR:process_memory_win.cc(73)] ReadMemory at 0x7ffea07dc674 of 512 bytes failed: Only part of a ReadProcessMemory or WriteProcessMemory request was completed. (0x12B)
[0906/143534.242:ERROR:process_memory_win.cc(73)] ReadMemory at 0x7ffea07df924 of 608 bytes failed: Only part of a ReadProcessMemory or WriteProcessMemory request was completed. (0x12B)
[0906/143534.242:ERROR:process_memory_win.cc(73)] ReadMemory at 0x7ffea086c428 of 18 bytes failed: Only part of a ReadProcessMemory or WriteProcessMemory request was completed. (0x12B)
[0906/143534.242:ERROR:process_memory_win.cc(73)] ReadMemory at 0x7ffea089f4f8 of 40 bytes failed: Only part of a ReadProcessMemory or WriteProcessMemory request was completed. (0x12B)
[0906/143534.242:ERROR:process_memory_win.cc(73)] ReadMemory at 0x7ffea089f978 of 48 bytes failed: Only part of a ReadProcessMemory or WriteProcessMemory request was completed. (0x12B)
[0906/143534.242:ERROR:process_memory_win.cc(73)] ReadMemory at 0x7ffea08a53c0 of 64 bytes failed: Only part of a ReadProcessMemory or WriteProcessMemory request was completed. (0x12B)
[0906/143534.243:ERROR:scoped_process_suspend.cc(40)] NtResumeProcess: An attempt was made to access an exiting process. (0xc000010a)
